-------------------------------------------------------------------------------
Test set: hellocucumber.RunCucumberTest
-------------------------------------------------------------------------------
Tests run: 2, Failures: 0, Errors: 1, Skipped: 0, Time elapsed: 2.916 sec <<< FAILURE!
I trying connect to embedded space write and read from the space(Hello Gigaspaces)  Time elapsed: 2.348 sec  <<< ERROR!
com.gigaspaces.client.protective.ProtectiveModeException: Cannot introduce a type named 'java.lang.String' without an id property defined. Having a type without an id property would prevent modifying (update/change) objects of that type after they were written to the space. (you can disable this protection, though it is not recommended, by setting the following system property: com.gs.protectiveMode.typeWithoutId=false)
	at org.openspaces.core.exception.DefaultExceptionTranslator.translate(DefaultExceptionTranslator.java:91)
	at org.openspaces.core.DefaultGigaSpace.write(DefaultGigaSpace.java:970)
	at org.openspaces.core.DefaultGigaSpace.write(DefaultGigaSpace.java:962)
	at hellocucumber.HelloGigaspacesStepDefs.iWriteToTheSpace(HelloGigaspacesStepDefs.java:26)
	at ✽.I write "Hello" to the space(hellocucumber/HelloGigaspaces.feature:5)
Caused by: com.gigaspaces.client.protective.ProtectiveModeException: Cannot introduce a type named 'java.lang.String' without an id property defined. Having a type without an id property would prevent modifying (update/change) objects of that type after they were written to the space. (you can disable this protection, though it is not recommended, by setting the following system property: com.gs.protectiveMode.typeWithoutId=false)
	at com.gigaspaces.internal.server.space.SpaceEngine.write(SpaceEngine.java:787)
	at com.gigaspaces.internal.server.space.SpaceEngine.write(SpaceEngine.java:731)
	at com.gigaspaces.internal.server.space.SpaceImpl.write(SpaceImpl.java:1925)
	at com.gigaspaces.internal.server.space.operations.WriteEntrySpaceOperation.execute(WriteEntrySpaceOperation.java:51)
	at com.gigaspaces.internal.server.space.operations.WriteEntrySpaceOperation.execute(WriteEntrySpaceOperation.java:29)
	at com.gigaspaces.internal.server.space.operations.SpaceOperationsExecutor.executeOperation(SpaceOperationsExecutor.java:83)
	at com.gigaspaces.internal.server.space.SpaceImpl.executeOperation(SpaceImpl.java:1895)
	at com.gigaspaces.internal.lrmi.stubs.LRMISpaceImpl.executeOperation(LRMISpaceImpl.java:595)
	at com.gigaspaces.internal.remoting.routing.embedded.EmbeddedRemoteOperationRouter.executeImpl(EmbeddedRemoteOperationRouter.java:79)
	at com.gigaspaces.internal.remoting.routing.embedded.EmbeddedRemoteOperationRouter.execute(EmbeddedRemoteOperationRouter.java:66)
	at com.gigaspaces.internal.client.spaceproxy.router.SpaceProxyRouter.execute(SpaceProxyRouter.java:221)
	at com.gigaspaces.internal.client.spaceproxy.actions.SpaceProxyImplWriteAction.write(SpaceProxyImplWriteAction.java:49)
	at com.gigaspaces.internal.client.spaceproxy.actions.SpaceProxyImplWriteAction.write(SpaceProxyImplWriteAction.java:36)
	at com.gigaspaces.internal.client.spaceproxy.actions.AbstractSpaceProxyActionManager.write(AbstractSpaceProxyActionManager.java:378)
	at com.gigaspaces.internal.client.spaceproxy.AbstractSpaceProxy.write(AbstractSpaceProxy.java:449)
	at org.openspaces.core.DefaultGigaSpace.write(DefaultGigaSpace.java:968)
	at org.openspaces.core.DefaultGigaSpace.write(DefaultGigaSpace.java:962)
	at hellocucumber.HelloGigaspacesStepDefs.iWriteToTheSpace(HelloGigaspacesStepDefs.java:26)
	at sun.reflect.NativeMethodAccessorImpl.invoke0(Native Method)
	at sun.reflect.NativeMethodAccessorImpl.invoke(NativeMethodAccessorImpl.java:62)
	at sun.reflect.DelegatingMethodAccessorImpl.invoke(DelegatingMethodAccessorImpl.java:43)
	at java.lang.reflect.Method.invoke(Method.java:498)
	at cucumber.runtime.Utils$1.call(Utils.java:32)
	at cucumber.runtime.Timeout.timeout(Timeout.java:16)
	at cucumber.runtime.Utils.invoke(Utils.java:26)
	at cucumber.runtime.java.JavaStepDefinition.execute(JavaStepDefinition.java:37)
	at cucumber.runtime.StepDefinitionMatch.runStep(StepDefinitionMatch.java:40)
	at cucumber.api.TestStep.executeStep(TestStep.java:102)
	at cucumber.api.TestStep.run(TestStep.java:83)
	at cucumber.api.TestCase.run(TestCase.java:58)
	at cucumber.runner.Runner.runPickle(Runner.java:80)
	at cucumber.runtime.junit.PickleRunners$NoStepDescriptions.run(PickleRunners.java:140)
	at cucumber.runtime.junit.FeatureRunner.runChild(FeatureRunner.java:68)
	at cucumber.runtime.junit.FeatureRunner.runChild(FeatureRunner.java:23)
	at org.junit.runners.ParentRunner$3.run(ParentRunner.java:290)
	at org.junit.runners.ParentRunner$1.schedule(ParentRunner.java:71)
	at org.junit.runners.ParentRunner.runChildren(ParentRunner.java:288)
	at org.junit.runners.ParentRunner.access$000(ParentRunner.java:58)
	at org.junit.runners.ParentRunner$2.evaluate(ParentRunner.java:268)
	at org.junit.runners.ParentRunner.run(ParentRunner.java:363)
	at cucumber.runtime.junit.FeatureRunner.run(FeatureRunner.java:73)
	at cucumber.api.junit.Cucumber.runChild(Cucumber.java:117)
	at cucumber.api.junit.Cucumber.runChild(Cucumber.java:55)
	at org.junit.runners.ParentRunner$3.run(ParentRunner.java:290)
	at org.junit.runners.ParentRunner$1.schedule(ParentRunner.java:71)
	at org.junit.runners.ParentRunner.runChildren(ParentRunner.java:288)
	at org.junit.runners.ParentRunner.access$000(ParentRunner.java:58)
	at org.junit.runners.ParentRunner$2.evaluate(ParentRunner.java:268)
	at cucumber.api.junit.Cucumber$1.evaluate(Cucumber.java:126)
	at org.junit.runners.ParentRunner.run(ParentRunner.java:363)
	at org.apache.maven.surefire.junit4.JUnit4Provider.execute(JUnit4Provider.java:252)
	at org.apache.maven.surefire.junit4.JUnit4Provider.executeTestSet(JUnit4Provider.java:141)
	at org.apache.maven.surefire.junit4.JUnit4Provider.invoke(JUnit4Provider.java:112)
	at sun.reflect.NativeMethodAccessorImpl.invoke0(Native Method)
	at sun.reflect.NativeMethodAccessorImpl.invoke(NativeMethodAccessorImpl.java:62)
	at sun.reflect.DelegatingMethodAccessorImpl.invoke(DelegatingMethodAccessorImpl.java:43)
	at java.lang.reflect.Method.invoke(Method.java:498)
	at org.apache.maven.surefire.util.ReflectionUtils.invokeMethodWithArray(ReflectionUtils.java:189)
	at org.apache.maven.surefire.booter.ProviderFactory$ProviderProxy.invoke(ProviderFactory.java:165)
	at org.apache.maven.surefire.booter.ProviderFactory.invokeProvider(ProviderFactory.java:85)
	at org.apache.maven.surefire.booter.ForkedBooter.runSuitesInProcess(ForkedBooter.java:115)
	at org.apache.maven.surefire.booter.ForkedBooter.main(ForkedBooter.java:75)

