<?xml version="1.0" encoding="UTF-8" ?>
<testsuite tests="2" failures="0" name="hellocucumber.RunCucumberTest" time="1.387" errors="1" skipped="0">
  <properties>
[...]
</properties>
  <testcase classname="Hello Gigaspaces" name="I trying connect to embedded space write and read from the space" time="1.372">
    <error message="Cannot introduce a type named &apos;java.lang.String&apos; without an id property defined. Having a type without an id property would prevent modifying (update/change) objects of that type after they were written to the space. (you can disable this protection, though it is not recommended, by setting the following system property: com.gs.protectiveMode.typeWithoutId=false)" type="com.gigaspaces.client.protective.ProtectiveModeException">com.gigaspaces.client.protective.ProtectiveModeException: Cannot introduce a type named &apos;java.lang.String&apos; without an id property defined. Having a type without an id property would prevent modifying (update/change) objects of that type after they were written to the space. (you can disable this protection, though it is not recommended, by setting the following system property: com.gs.protectiveMode.typeWithoutId=false)
	at org.openspaces.core.exception.DefaultExceptionTranslator.translate(DefaultExceptionTranslator.java:91)
	at org.openspaces.core.DefaultGigaSpace.write(DefaultGigaSpace.java:970)
	at org.openspaces.core.DefaultGigaSpace.write(DefaultGigaSpace.java:962)
	at hellocucumber.HelloGigaspacesStepDefs.iWriteToTheSpace(HelloGigaspacesStepDefs.java:24)
	at ✽.I write &quot;Hello&quot; to the space(hellocucumber/HelloGigaspaces.feature:5)
Caused by: com.gigaspaces.client.protective.ProtectiveModeException: Cannot introduce a type named &apos;java.lang.String&apos; without an id property defined. Having a type without an id property would prevent modifying (update/change) objects of that type after they were written to the space. (you can disable this protection, though it is not recommended, by setting the following system property: com.gs.protectiveMode.typeWithoutId=false)
	at com.gigaspaces.internal.server.space.SpaceEngine.write(SpaceEngine.java:787)
	at com.gigaspaces.internal.server.space.SpaceEngine.write(SpaceEngine.java:731)
	at com.gigaspaces.internal.server.space.SpaceImpl.write(SpaceImpl.java:1925)
	at com.gigaspaces.internal.server.space.operations.WriteEntrySpaceOperation.execute(WriteEntrySpaceOperation.java:51)
	at com.gigaspaces.internal.server.space.operations.WriteEntrySpaceOperation.execute(WriteEntrySpaceOperation.java:29)
	at com.gigaspaces.internal.server.space.operations.SpaceOperationsExecutor.executeOperation(SpaceOperationsExecutor.java:83)
	at com.gigaspaces.internal.server.space.SpaceImpl.executeOperation(SpaceImpl.java:1895)
	at com.gigaspaces.internal.lrmi.stubs.LRMISpaceImpl.executeOperation(LRMISpaceImpl.java:595)
	at com.gigaspaces.internal.remoting.routing.embedded.EmbeddedRemoteOperationRouter.executeImpl(EmbeddedRemoteOperationRouter.java:79)
	at com.gigaspaces.internal.remoting.routing.embedded.EmbeddedRemoteOperationRouter.execute(EmbeddedRemoteOperationRouter.java:66)
	at com.gigaspaces.internal.client.spaceproxy.router.SpaceProxyRouter.execute(SpaceProxyRouter.java:221)
	at com.gigaspaces.internal.client.spaceproxy.actions.SpaceProxyImplWriteAction.write(SpaceProxyImplWriteAction.java:49)
	at com.gigaspaces.internal.client.spaceproxy.actions.SpaceProxyImplWriteAction.write(SpaceProxyImplWriteAction.java:36)
	at com.gigaspaces.internal.client.spaceproxy.actions.AbstractSpaceProxyActionManager.write(AbstractSpaceProxyActionManager.java:378)
	at com.gigaspaces.internal.client.spaceproxy.AbstractSpaceProxy.write(AbstractSpaceProxy.java:449)
	at org.openspaces.core.DefaultGigaSpace.write(DefaultGigaSpace.java:968)
	at org.openspaces.core.DefaultGigaSpace.write(DefaultGigaSpace.java:962)
	at hellocucumber.HelloGigaspacesStepDefs.iWriteToTheSpace(HelloGigaspacesStepDefs.java:24)
	at sun.reflect.NativeMethodAccessorImpl.invoke0(Native Method)
	at sun.reflect.NativeMethodAccessorImpl.invoke(NativeMethodAccessorImpl.java:62)
	at sun.reflect.DelegatingMethodAccessorImpl.invoke(DelegatingMethodAccessorImpl.java:43)
	at java.lang.reflect.Method.invoke(Method.java:498)
	at cucumber.runtime.Utils$1.call(Utils.java:32)
	at cucumber.runtime.Timeout.timeout(Timeout.java:16)
	at cucumber.runtime.Utils.invoke(Utils.java:26)
	at cucumber.runtime.java.JavaStepDefinition.execute(JavaStepDefinition.java:37)
	at cucumber.runtime.StepDefinitionMatch.runStep(StepDefinitionMatch.java:40)
	at cucumber.api.TestStep.executeStep(TestStep.java:102)
	at cucumber.api.TestStep.run(TestStep.java:83)
	at cucumber.api.TestCase.run(TestCase.java:58)
	at cucumber.runner.Runner.runPickle(Runner.java:80)
	at cucumber.runtime.junit.PickleRunners$NoStepDescriptions.run(PickleRunners.java:140)
	at cucumber.runtime.junit.FeatureRunner.runChild(FeatureRunner.java:68)
	at cucumber.runtime.junit.FeatureRunner.runChild(FeatureRunner.java:23)
	at org.junit.runners.ParentRunner$3.run(ParentRunner.java:290)
	at org.junit.runners.ParentRunner$1.schedule(ParentRunner.java:71)
	at org.junit.runners.ParentRunner.runChildren(ParentRunner.java:288)
	at org.junit.runners.ParentRunner.access$000(ParentRunner.java:58)
	at org.junit.runners.ParentRunner$2.evaluate(ParentRunner.java:268)
	at org.junit.runners.ParentRunner.run(ParentRunner.java:363)
	at cucumber.runtime.junit.FeatureRunner.run(FeatureRunner.java:73)
	at cucumber.api.junit.Cucumber.runChild(Cucumber.java:117)
	at cucumber.api.junit.Cucumber.runChild(Cucumber.java:55)
	at org.junit.runners.ParentRunner$3.run(ParentRunner.java:290)
	at org.junit.runners.ParentRunner$1.schedule(ParentRunner.java:71)
	at org.junit.runners.ParentRunner.runChildren(ParentRunner.java:288)
	at org.junit.runners.ParentRunner.access$000(ParentRunner.java:58)
	at org.junit.runners.ParentRunner$2.evaluate(ParentRunner.java:268)
	at cucumber.api.junit.Cucumber$1.evaluate(Cucumber.java:126)
	at org.junit.runners.ParentRunner.run(ParentRunner.java:363)
	at org.apache.maven.surefire.junit4.JUnit4Provider.execute(JUnit4Provider.java:252)
	at org.apache.maven.surefire.junit4.JUnit4Provider.executeTestSet(JUnit4Provider.java:141)
	at org.apache.maven.surefire.junit4.JUnit4Provider.invoke(JUnit4Provider.java:112)
	at sun.reflect.NativeMethodAccessorImpl.invoke0(Native Method)
	at sun.reflect.NativeMethodAccessorImpl.invoke(NativeMethodAccessorImpl.java:62)
	at sun.reflect.DelegatingMethodAccessorImpl.invoke(DelegatingMethodAccessorImpl.java:43)
	at java.lang.reflect.Method.invoke(Method.java:498)
	at org.apache.maven.surefire.util.ReflectionUtils.invokeMethodWithArray(ReflectionUtils.java:189)
	at org.apache.maven.surefire.booter.ProviderFactory$ProviderProxy.invoke(ProviderFactory.java:165)
	at org.apache.maven.surefire.booter.ProviderFactory.invokeProvider(ProviderFactory.java:85)
	at org.apache.maven.surefire.booter.ForkedBooter.runSuitesInProcess(ForkedBooter.java:115)
	at org.apache.maven.surefire.booter.ForkedBooter.main(ForkedBooter.java:75)
</error>
    <system-out>Feature: Hello Gigaspaces

  Scenario: I trying connect to embedded space write and read from the space &amp;#27;[90m# hellocucumber/HelloGigaspaces.feature:3&amp;#27;[0m
2018-12-19 10:58:53,053 CONFIG [com.gigaspaces.logger] - Log file: /home/eladg/.m2/repository/org/gigaspaces/logs/2018-12-19~10.58-gigaspaces-service-127.0.1.1-12640.log
    &amp;#27;[32mGiven &amp;#27;[0m&amp;#27;[32mi connected to embedded space&amp;#27;[0m                                      &amp;#27;[90m# HelloGigaspacesStepDefs.iConnectedToEmbeddedSpace()&amp;#27;[0m
    &amp;#27;[31mAnd &amp;#27;[0m&amp;#27;[31mI write &quot;&amp;#27;[0m&amp;#27;[31m&amp;#27;[1mHello&amp;#27;[0m&amp;#27;[31m&quot; to the space&amp;#27;[0m                                         &amp;#27;[90m# HelloGigaspacesStepDefs.iWriteToTheSpace(String)&amp;#27;[0m
      &amp;#27;[31mcom.gigaspaces.client.protective.ProtectiveModeException: Cannot introduce a type named &apos;java.lang.String&apos; without an id property defined. Having a type without an id property would prevent modifying (update/change) objects of that type after they were written to the space. (you can disable this protection, though it is not recommended, by setting the following system property: com.gs.protectiveMode.typeWithoutId=false)
	at org.openspaces.core.exception.DefaultExceptionTranslator.translate(DefaultExceptionTranslator.java:91)
	at org.openspaces.core.DefaultGigaSpace.write(DefaultGigaSpace.java:970)
	at org.openspaces.core.DefaultGigaSpace.write(DefaultGigaSpace.java:962)
	at hellocucumber.HelloGigaspacesStepDefs.iWriteToTheSpace(HelloGigaspacesStepDefs.java:24)
	at ✽.I write &quot;Hello&quot; to the space(hellocucumber/HelloGigaspaces.feature:5)
Caused by: com.gigaspaces.client.protective.ProtectiveModeException: Cannot introduce a type named &apos;java.lang.String&apos; without an id property defined. Having a type without an id property would prevent modifying (update/change) objects of that type after they were written to the space. (you can disable this protection, though it is not recommended, by setting the following system property: com.gs.protectiveMode.typeWithoutId=false)
	at com.gigaspaces.internal.server.space.SpaceEngine.write(SpaceEngine.java:787)
	at com.gigaspaces.internal.server.space.SpaceEngine.write(SpaceEngine.java:731)
	at com.gigaspaces.internal.server.space.SpaceImpl.write(SpaceImpl.java:1925)
	at com.gigaspaces.internal.server.space.operations.WriteEntrySpaceOperation.execute(WriteEntrySpaceOperation.java:51)
	at com.gigaspaces.internal.server.space.operations.WriteEntrySpaceOperation.execute(WriteEntrySpaceOperation.java:29)
	at com.gigaspaces.internal.server.space.operations.SpaceOperationsExecutor.executeOperation(SpaceOperationsExecutor.java:83)
	at com.gigaspaces.internal.server.space.SpaceImpl.executeOperation(SpaceImpl.java:1895)
	at com.gigaspaces.internal.lrmi.stubs.LRMISpaceImpl.executeOperation(LRMISpaceImpl.java:595)
	at com.gigaspaces.internal.remoting.routing.embedded.EmbeddedRemoteOperationRouter.executeImpl(EmbeddedRemoteOperationRouter.java:79)
	at com.gigaspaces.internal.remoting.routing.embedded.EmbeddedRemoteOperationRouter.execute(EmbeddedRemoteOperationRouter.java:66)
	at com.gigaspaces.internal.client.spaceproxy.router.SpaceProxyRouter.execute(SpaceProxyRouter.java:221)
	at com.gigaspaces.internal.client.spaceproxy.actions.SpaceProxyImplWriteAction.write(SpaceProxyImplWriteAction.java:49)
	at com.gigaspaces.internal.client.spaceproxy.actions.SpaceProxyImplWriteAction.write(SpaceProxyImplWriteAction.java:36)
	at com.gigaspaces.internal.client.spaceproxy.actions.AbstractSpaceProxyActionManager.write(AbstractSpaceProxyActionManager.java:378)
	at com.gigaspaces.internal.client.spaceproxy.AbstractSpaceProxy.write(AbstractSpaceProxy.java:449)
	at org.openspaces.core.DefaultGigaSpace.write(DefaultGigaSpace.java:968)
	at org.openspaces.core.DefaultGigaSpace.write(DefaultGigaSpace.java:962)
	at hellocucumber.HelloGigaspacesStepDefs.iWriteToTheSpace(HelloGigaspacesStepDefs.java:24)
	at sun.reflect.NativeMethodAccessorImpl.invoke0(Native Method)
	at sun.reflect.NativeMethodAccessorImpl.invoke(NativeMethodAccessorImpl.java:62)
	at sun.reflect.DelegatingMethodAccessorImpl.invoke(DelegatingMethodAccessorImpl.java:43)
	at java.lang.reflect.Method.invoke(Method.java:498)
	at cucumber.runtime.Utils$1.call(Utils.java:32)
	at cucumber.runtime.Timeout.timeout(Timeout.java:16)
	at cucumber.runtime.Utils.invoke(Utils.java:26)
	at cucumber.runtime.java.JavaStepDefinition.execute(JavaStepDefinition.java:37)
	at cucumber.runtime.StepDefinitionMatch.runStep(StepDefinitionMatch.java:40)
	at cucumber.api.TestStep.executeStep(TestStep.java:102)
	at cucumber.api.TestStep.run(TestStep.java:83)
	at cucumber.api.TestCase.run(TestCase.java:58)
	at cucumber.runner.Runner.runPickle(Runner.java:80)
	at cucumber.runtime.junit.PickleRunners$NoStepDescriptions.run(PickleRunners.java:140)
	at cucumber.runtime.junit.FeatureRunner.runChild(FeatureRunner.java:68)
	at cucumber.runtime.junit.FeatureRunner.runChild(FeatureRunner.java:23)
	at org.junit.runners.ParentRunner$3.run(ParentRunner.java:290)
	at org.junit.runners.ParentRunner$1.schedule(ParentRunner.java:71)
	at org.junit.runners.ParentRunner.runChildren(ParentRunner.java:288)
	at org.junit.runners.ParentRunner.access$000(ParentRunner.java:58)
	at org.junit.runners.ParentRunner$2.evaluate(ParentRunner.java:268)
	at org.junit.runners.ParentRunner.run(ParentRunner.java:363)
	at cucumber.runtime.junit.FeatureRunner.run(FeatureRunner.java:73)
	at cucumber.api.junit.Cucumber.runChild(Cucumber.java:117)
	at cucumber.api.junit.Cucumber.runChild(Cucumber.java:55)
	at org.junit.runners.ParentRunner$3.run(ParentRunner.java:290)
	at org.junit.runners.ParentRunner$1.schedule(ParentRunner.java:71)
	at org.junit.runners.ParentRunner.runChildren(ParentRunner.java:288)
	at org.junit.runners.ParentRunner.access$000(ParentRunner.java:58)
	at org.junit.runners.ParentRunner$2.evaluate(ParentRunner.java:268)
	at cucumber.api.junit.Cucumber$1.evaluate(Cucumber.java:126)
	at org.junit.runners.ParentRunner.run(ParentRunner.java:363)
	at org.apache.maven.surefire.junit4.JUnit4Provider.execute(JUnit4Provider.java:252)
	at org.apache.maven.surefire.junit4.JUnit4Provider.executeTestSet(JUnit4Provider.java:141)
	at org.apache.maven.surefire.junit4.JUnit4Provider.invoke(JUnit4Provider.java:112)
	at sun.reflect.NativeMethodAccessorImpl.invoke0(Native Method)
	at sun.reflect.NativeMethodAccessorImpl.invoke(NativeMethodAccessorImpl.java:62)
	at sun.reflect.DelegatingMethodAccessorImpl.invoke(DelegatingMethodAccessorImpl.java:43)
	at java.lang.reflect.Method.invoke(Method.java:498)
	at org.apache.maven.surefire.util.ReflectionUtils.invokeMethodWithArray(ReflectionUtils.java:189)
	at org.apache.maven.surefire.booter.ProviderFactory$ProviderProxy.invoke(ProviderFactory.java:165)
	at org.apache.maven.surefire.booter.ProviderFactory.invokeProvider(ProviderFactory.java:85)
	at org.apache.maven.surefire.booter.ForkedBooter.runSuitesInProcess(ForkedBooter.java:115)
	at org.apache.maven.surefire.booter.ForkedBooter.main(ForkedBooter.java:75)
&amp;#27;[0m
    &amp;#27;[36mWhen &amp;#27;[0m&amp;#27;[36mI read from the space&amp;#27;[0m                                               &amp;#27;[90m# HelloGigaspacesStepDefs.iReadFromTheSpace()&amp;#27;[0m
    &amp;#27;[36mThen &amp;#27;[0m&amp;#27;[36mI should get &quot;&amp;#27;[0m&amp;#27;[36m&amp;#27;[1mWorld&amp;#27;[0m&amp;#27;[36m&quot;&amp;#27;[0m                                                &amp;#27;[90m# HelloGigaspacesStepDefs.iShouldGet(String)&amp;#27;[0m
</system-out>
    <system-err>2018-12-19 10:58:53,047  INFO [com.gigaspaces.container] - Starting space...
************************************* System Report *************************************
GigaSpaces XAP 14.0.0 GA (build 20000, revision )
    Home: /home/eladg/.m2/repository/org/gigaspaces/
    Lookup Groups: EladPC
    Lookup Locators: 
Java:
    Java Runtime: Java(TM) SE Runtime Environment 1.8.0_181-b13 (Oracle Corporation)
    Java VM: Java HotSpot(TM) 64-Bit Server VM 25.181-b13 (Oracle Corporation)
    Java Home: /usr/lib/jvm/java-8-oracle/jre
    Memory: Currently used 42MB, Current heap size 251MB, Max heap size 3713MB
Operating System: Linux [version=4.15.0-42-generic, architecture=amd64, processors=4]
Process Id: 12640
Network:
    Local Host: [eladg-e7450/127.0.1.1] 
    docker0: docker0 [IP addresses: 172.17.0.1]
    wlp2s0: wlp2s0 [IP addresses: fe80:0:0:0:59da:e30e:316b:85ac%wlp2s0 | 192.168.32.235]
    eno1: eno1 [IP addresses: fe80:0:0:0:8a38:d53f:9896:584c%eno1 | 192.168.32.237]
    lo: lo [IP addresses: 0:0:0:0:0:0:0:1%lo | 127.0.0.1]
*****************************************************************************************
2018-12-19 10:58:53,262  INFO [com.sun.jini.reggie.GigaRegistrar] - Starting Lookup Service...
2018-12-19 10:58:53,435  INFO [com.sun.jini.reggie.GigaRegistrar] - Started Lookup Service [duration=0.173s, groups=[EladPC], service-id=050803a6-7209-466f-b859-5516193feb72, locator=jini://127.0.1.1:4174/]
</system-err>
  </testcase>
  <testcase classname="Is it Friday yet?" name="Sunday isn&apos;t Friday" time="0.015"/>
</testsuite>